[0.904s] Invoking command in '/home/hjokar/second_ros2_ws/build/urdf_tutorial_r2d2': PYTHONPATH=/home/hjokar/second_ros2_ws/build/urdf_tutorial_r2d2/prefix_override:/home/hjokar/second_ros2_ws/install/urdf_tutorial_r2d2/lib/python3.10/site-packages:${PYTHONPATH} /usr/bin/python3 setup.py develop --uninstall --editable --build-directory /home/hjokar/second_ros2_ws/build/urdf_tutorial_r2d2/build
[1.288s] running develop
[1.288s] /usr/lib/python3/dist-packages/setuptools/command/easy_install.py:158: EasyInstallDeprecationWarning: easy_install command is deprecated. Use build and pip and other standards-based tools.
[1.288s]   warnings.warn(
[1.290s] /usr/lib/python3/dist-packages/setuptools/command/install.py:34: SetuptoolsDeprecationWarning: setup.py install is deprecated. Use build and pip and other standards-based tools.
[1.290s]   warnings.warn(
[1.533s] Removing /home/hjokar/second_ros2_ws/install/urdf_tutorial_r2d2/lib/python3.10/site-packages/urdf-tutorial-r2d2.egg-link (link to .)
[1.574s] Invoked command in '/home/hjokar/second_ros2_ws/build/urdf_tutorial_r2d2' returned '0': PYTHONPATH=/home/hjokar/second_ros2_ws/build/urdf_tutorial_r2d2/prefix_override:/home/hjokar/second_ros2_ws/install/urdf_tutorial_r2d2/lib/python3.10/site-packages:${PYTHONPATH} /usr/bin/python3 setup.py develop --uninstall --editable --build-directory /home/hjokar/second_ros2_ws/build/urdf_tutorial_r2d2/build
[1.577s] Invoking command in '/home/hjokar/second_ros2_ws/src/urdf_tutorial_r2d2': PYTHONPATH=/home/hjokar/second_ros2_ws/build/urdf_tutorial_r2d2/prefix_override:/home/hjokar/second_ros2_ws/install/urdf_tutorial_r2d2/lib/python3.10/site-packages:${PYTHONPATH} /usr/bin/python3 setup.py egg_info --egg-base ../../build/urdf_tutorial_r2d2 build --build-base /home/hjokar/second_ros2_ws/build/urdf_tutorial_r2d2/build install --record /home/hjokar/second_ros2_ws/build/urdf_tutorial_r2d2/install.log --single-version-externally-managed
[1.951s] running egg_info
[1.952s] writing ../../build/urdf_tutorial_r2d2/urdf_tutorial_r2d2.egg-info/PKG-INFO
[1.952s] writing dependency_links to ../../build/urdf_tutorial_r2d2/urdf_tutorial_r2d2.egg-info/dependency_links.txt
[1.952s] writing entry points to ../../build/urdf_tutorial_r2d2/urdf_tutorial_r2d2.egg-info/entry_points.txt
[1.953s] writing requirements to ../../build/urdf_tutorial_r2d2/urdf_tutorial_r2d2.egg-info/requires.txt
[1.953s] writing top-level names to ../../build/urdf_tutorial_r2d2/urdf_tutorial_r2d2.egg-info/top_level.txt
[1.955s] reading manifest file '../../build/urdf_tutorial_r2d2/urdf_tutorial_r2d2.egg-info/SOURCES.txt'
[1.956s] adding license file 'LICENSE'
[1.956s] writing manifest file '../../build/urdf_tutorial_r2d2/urdf_tutorial_r2d2.egg-info/SOURCES.txt'
[1.957s] running build
[1.957s] running build_py
[1.957s] creating /home/hjokar/second_ros2_ws/build/urdf_tutorial_r2d2/build
[1.957s] creating /home/hjokar/second_ros2_ws/build/urdf_tutorial_r2d2/build/lib
[1.957s] creating /home/hjokar/second_ros2_ws/build/urdf_tutorial_r2d2/build/lib/urdf_tutorial_r2d2
[1.958s] copying urdf_tutorial_r2d2/__init__.py -> /home/hjokar/second_ros2_ws/build/urdf_tutorial_r2d2/build/lib/urdf_tutorial_r2d2
[1.958s] copying urdf_tutorial_r2d2/state_publisher.py -> /home/hjokar/second_ros2_ws/build/urdf_tutorial_r2d2/build/lib/urdf_tutorial_r2d2
[1.958s] running install
[1.958s] /usr/lib/python3/dist-packages/setuptools/command/install.py:34: SetuptoolsDeprecationWarning: setup.py install is deprecated. Use build and pip and other standards-based tools.
[1.958s]   warnings.warn(
[1.958s] running install_lib
[1.959s] creating /home/hjokar/second_ros2_ws/install/urdf_tutorial_r2d2/lib/python3.10/site-packages/urdf_tutorial_r2d2
[1.960s] copying /home/hjokar/second_ros2_ws/build/urdf_tutorial_r2d2/build/lib/urdf_tutorial_r2d2/__init__.py -> /home/hjokar/second_ros2_ws/install/urdf_tutorial_r2d2/lib/python3.10/site-packages/urdf_tutorial_r2d2
[1.960s] copying /home/hjokar/second_ros2_ws/build/urdf_tutorial_r2d2/build/lib/urdf_tutorial_r2d2/state_publisher.py -> /home/hjokar/second_ros2_ws/install/urdf_tutorial_r2d2/lib/python3.10/site-packages/urdf_tutorial_r2d2
[1.961s] byte-compiling /home/hjokar/second_ros2_ws/install/urdf_tutorial_r2d2/lib/python3.10/site-packages/urdf_tutorial_r2d2/__init__.py to __init__.cpython-310.pyc
[1.961s] byte-compiling /home/hjokar/second_ros2_ws/install/urdf_tutorial_r2d2/lib/python3.10/site-packages/urdf_tutorial_r2d2/state_publisher.py to state_publisher.cpython-310.pyc
[1.963s] running install_data
[1.964s] copying urdf/r2d2.urdf.xml -> /home/hjokar/second_ros2_ws/install/urdf_tutorial_r2d2/share/urdf_tutorial_r2d2
[1.965s] running install_egg_info
[1.968s] Copying ../../build/urdf_tutorial_r2d2/urdf_tutorial_r2d2.egg-info to /home/hjokar/second_ros2_ws/install/urdf_tutorial_r2d2/lib/python3.10/site-packages/urdf_tutorial_r2d2-0.0.0-py3.10.egg-info
[1.969s] running install_scripts
[1.998s] Installing state_publisher script to /home/hjokar/second_ros2_ws/install/urdf_tutorial_r2d2/lib/urdf_tutorial_r2d2
[1.998s] writing list of installed files to '/home/hjokar/second_ros2_ws/build/urdf_tutorial_r2d2/install.log'
[2.038s] Invoked command in '/home/hjokar/second_ros2_ws/src/urdf_tutorial_r2d2' returned '0': PYTHONPATH=/home/hjokar/second_ros2_ws/build/urdf_tutorial_r2d2/prefix_override:/home/hjokar/second_ros2_ws/install/urdf_tutorial_r2d2/lib/python3.10/site-packages:${PYTHONPATH} /usr/bin/python3 setup.py egg_info --egg-base ../../build/urdf_tutorial_r2d2 build --build-base /home/hjokar/second_ros2_ws/build/urdf_tutorial_r2d2/build install --record /home/hjokar/second_ros2_ws/build/urdf_tutorial_r2d2/install.log --single-version-externally-managed
