[0.041s] Invoking command in '/home/hjokar/second_ros2_ws/build/robot_bringup': CMAKE_PREFIX_PATH=${CMAKE_PREFIX_PATH}:/home/hjokar/second_ros2_ws/install/urdf_tutorial_r2d2:/home/hjokar/Desktop/ur5_ws/install/ur5_package:/opt/ros/humble /usr/bin/cmake --build /home/hjokar/second_ros2_ws/build/robot_bringup -- -j4 -l4
[0.442s] Invoked command in '/home/hjokar/second_ros2_ws/build/robot_bringup' returned '0': CMAKE_PREFIX_PATH=${CMAKE_PREFIX_PATH}:/home/hjokar/second_ros2_ws/install/urdf_tutorial_r2d2:/home/hjokar/Desktop/ur5_ws/install/ur5_package:/opt/ros/humble /usr/bin/cmake --build /home/hjokar/second_ros2_ws/build/robot_bringup -- -j4 -l4
[0.483s] Invoking command in '/home/hjokar/second_ros2_ws/build/robot_bringup': CMAKE_PREFIX_PATH=${CMAKE_PREFIX_PATH}:/home/hjokar/second_ros2_ws/install/urdf_tutorial_r2d2:/home/hjokar/Desktop/ur5_ws/install/ur5_package:/opt/ros/humble /usr/bin/cmake --install /home/hjokar/second_ros2_ws/build/robot_bringup
[0.493s] -- Install configuration: ""
[0.494s] -- Execute custom install script
[0.494s] -- Up-to-date symlink: /home/hjokar/second_ros2_ws/install/robot_bringup/share/robot_bringup/launch/demo.launch.py
[0.495s] -- Up-to-date symlink: /home/hjokar/second_ros2_ws/install/robot_bringup/share/ament_index/resource_index/package_run_dependencies/robot_bringup
[0.495s] -- Up-to-date symlink: /home/hjokar/second_ros2_ws/install/robot_bringup/share/ament_index/resource_index/parent_prefix_path/robot_bringup
[0.495s] -- Up-to-date symlink: /home/hjokar/second_ros2_ws/install/robot_bringup/share/robot_bringup/environment/ament_prefix_path.sh
[0.495s] -- Up-to-date symlink: /home/hjokar/second_ros2_ws/install/robot_bringup/share/robot_bringup/environment/ament_prefix_path.dsv
[0.496s] -- Up-to-date symlink: /home/hjokar/second_ros2_ws/install/robot_bringup/share/robot_bringup/environment/path.sh
[0.496s] -- Up-to-date symlink: /home/hjokar/second_ros2_ws/install/robot_bringup/share/robot_bringup/environment/path.dsv
[0.496s] -- Up-to-date symlink: /home/hjokar/second_ros2_ws/install/robot_bringup/share/robot_bringup/local_setup.bash
[0.497s] -- Up-to-date symlink: /home/hjokar/second_ros2_ws/install/robot_bringup/share/robot_bringup/local_setup.sh
[0.497s] -- Up-to-date symlink: /home/hjokar/second_ros2_ws/install/robot_bringup/share/robot_bringup/local_setup.zsh
[0.497s] -- Up-to-date symlink: /home/hjokar/second_ros2_ws/install/robot_bringup/share/robot_bringup/local_setup.dsv
[0.497s] -- Symlinking: /home/hjokar/second_ros2_ws/install/robot_bringup/share/robot_bringup/package.dsv
[0.509s] -- Up-to-date symlink: /home/hjokar/second_ros2_ws/install/robot_bringup/share/ament_index/resource_index/packages/robot_bringup
[0.510s] -- Up-to-date symlink: /home/hjokar/second_ros2_ws/install/robot_bringup/share/robot_bringup/cmake/robot_bringupConfig.cmake
[0.510s] -- Up-to-date symlink: /home/hjokar/second_ros2_ws/install/robot_bringup/share/robot_bringup/cmake/robot_bringupConfig-version.cmake
[0.510s] -- Up-to-date symlink: /home/hjokar/second_ros2_ws/install/robot_bringup/share/robot_bringup/package.xml
[0.514s] Invoked command in '/home/hjokar/second_ros2_ws/build/robot_bringup' returned '0': CMAKE_PREFIX_PATH=${CMAKE_PREFIX_PATH}:/home/hjokar/second_ros2_ws/install/urdf_tutorial_r2d2:/home/hjokar/Desktop/ur5_ws/install/ur5_package:/opt/ros/humble /usr/bin/cmake --install /home/hjokar/second_ros2_ws/build/robot_bringup
