[1.005s] Invoking command in '/home/hjokar/second_ros2_ws/build/urdf_tutorial_r2d2': PYTHONPATH=/home/hjokar/second_ros2_ws/build/urdf_tutorial_r2d2/prefix_override:/home/hjokar/second_ros2_ws/install/urdf_tutorial_r2d2/lib/python3.10/site-packages:${PYTHONPATH} /usr/bin/python3 setup.py develop --editable --build-directory /home/hjokar/second_ros2_ws/build/urdf_tutorial_r2d2/build --no-deps install_data
[1.377s] running develop
[1.377s] /usr/lib/python3/dist-packages/setuptools/command/easy_install.py:158: EasyInstallDeprecationWarning: easy_install command is deprecated. Use build and pip and other standards-based tools.
[1.377s]   warnings.warn(
[1.379s] /usr/lib/python3/dist-packages/setuptools/command/install.py:34: SetuptoolsDeprecationWarning: setup.py install is deprecated. Use build and pip and other standards-based tools.
[1.379s]   warnings.warn(
[1.618s] running egg_info
[1.618s] writing urdf_tutorial_r2d2.egg-info/PKG-INFO
[1.618s] writing dependency_links to urdf_tutorial_r2d2.egg-info/dependency_links.txt
[1.619s] writing entry points to urdf_tutorial_r2d2.egg-info/entry_points.txt
[1.619s] writing requirements to urdf_tutorial_r2d2.egg-info/requires.txt
[1.619s] writing top-level names to urdf_tutorial_r2d2.egg-info/top_level.txt
[1.621s] reading manifest file 'urdf_tutorial_r2d2.egg-info/SOURCES.txt'
[1.622s] writing manifest file 'urdf_tutorial_r2d2.egg-info/SOURCES.txt'
[1.624s] running build_ext
[1.625s] Creating /home/hjokar/second_ros2_ws/install/urdf_tutorial_r2d2/lib/python3.10/site-packages/urdf-tutorial-r2d2.egg-link (link to .)
[1.626s] Installing state_publisher script to /home/hjokar/second_ros2_ws/install/urdf_tutorial_r2d2/lib/urdf_tutorial_r2d2
[1.626s] 
[1.627s] Installed /home/hjokar/second_ros2_ws/build/urdf_tutorial_r2d2
[1.627s] running install_data
[1.627s] error: can't copy 'launch/demo.launch.py': doesn't exist or not a regular file
[1.670s] Invoked command in '/home/hjokar/second_ros2_ws/build/urdf_tutorial_r2d2' returned '1': PYTHONPATH=/home/hjokar/second_ros2_ws/build/urdf_tutorial_r2d2/prefix_override:/home/hjokar/second_ros2_ws/install/urdf_tutorial_r2d2/lib/python3.10/site-packages:${PYTHONPATH} /usr/bin/python3 setup.py develop --editable --build-directory /home/hjokar/second_ros2_ws/build/urdf_tutorial_r2d2/build --no-deps install_data
