[1.178s] Invoking command in '/home/hjokar/second_ros2_ws/build/urdf_tutorial_r2d2': PYTHONPATH=/home/hjokar/second_ros2_ws/build/urdf_tutorial_r2d2/prefix_override:/home/hjokar/second_ros2_ws/install/urdf_tutorial_r2d2/lib/python3.10/site-packages:${PYTHONPATH} /usr/bin/python3 setup.py develop --editable --build-directory /home/hjokar/second_ros2_ws/build/urdf_tutorial_r2d2/build --no-deps install_data
[1.541s] running develop
[1.556s] /usr/lib/python3/dist-packages/setuptools/command/easy_install.py:158: EasyInstallDeprecationWarning: easy_install command is deprecated. Use build and pip and other standards-based tools.
[1.556s]   warnings.warn(
[1.570s] /usr/lib/python3/dist-packages/setuptools/command/install.py:34: SetuptoolsDeprecationWarning: setup.py install is deprecated. Use build and pip and other standards-based tools.
[1.571s]   warnings.warn(
[1.804s] running egg_info
[1.804s] creating urdf_tutorial_r2d2.egg-info
[1.804s] writing urdf_tutorial_r2d2.egg-info/PKG-INFO
[1.804s] writing dependency_links to urdf_tutorial_r2d2.egg-info/dependency_links.txt
[1.805s] writing entry points to urdf_tutorial_r2d2.egg-info/entry_points.txt
[1.805s] writing requirements to urdf_tutorial_r2d2.egg-info/requires.txt
[1.805s] writing top-level names to urdf_tutorial_r2d2.egg-info/top_level.txt
[1.805s] writing manifest file 'urdf_tutorial_r2d2.egg-info/SOURCES.txt'
[1.807s] reading manifest file 'urdf_tutorial_r2d2.egg-info/SOURCES.txt'
[1.808s] writing manifest file 'urdf_tutorial_r2d2.egg-info/SOURCES.txt'
[1.810s] running build_ext
[1.811s] Creating /home/hjokar/second_ros2_ws/install/urdf_tutorial_r2d2/lib/python3.10/site-packages/urdf-tutorial-r2d2.egg-link (link to .)
[1.812s] Installing state_publisher script to /home/hjokar/second_ros2_ws/install/urdf_tutorial_r2d2/lib/urdf_tutorial_r2d2
[1.812s] 
[1.812s] Installed /home/hjokar/second_ros2_ws/build/urdf_tutorial_r2d2
[1.813s] running install_data
[1.813s] creating /home/hjokar/second_ros2_ws/install/urdf_tutorial_r2d2/share/ament_index
[1.813s] creating /home/hjokar/second_ros2_ws/install/urdf_tutorial_r2d2/share/ament_index/resource_index
[1.813s] creating /home/hjokar/second_ros2_ws/install/urdf_tutorial_r2d2/share/ament_index/resource_index/packages
[1.814s] copying resource/urdf_tutorial_r2d2 -> /home/hjokar/second_ros2_ws/install/urdf_tutorial_r2d2/share/ament_index/resource_index/packages
[1.814s] copying package.xml -> /home/hjokar/second_ros2_ws/install/urdf_tutorial_r2d2/share/urdf_tutorial_r2d2
[1.814s] creating /home/hjokar/second_ros2_ws/install/urdf_tutorial_r2d2/share/urdf_tutorial_r2d2/launch
[1.814s] copying launch/demo.launch.py -> /home/hjokar/second_ros2_ws/install/urdf_tutorial_r2d2/share/urdf_tutorial_r2d2/launch
[1.814s] copying urdf/r2d2.urdf -> /home/hjokar/second_ros2_ws/install/urdf_tutorial_r2d2/share/urdf_tutorial_r2d2
[1.815s] copying urdf/r2d2.rviz -> /home/hjokar/second_ros2_ws/install/urdf_tutorial_r2d2/share/urdf_tutorial_r2d2
[1.863s] Invoked command in '/home/hjokar/second_ros2_ws/build/urdf_tutorial_r2d2' returned '0': PYTHONPATH=/home/hjokar/second_ros2_ws/build/urdf_tutorial_r2d2/prefix_override:/home/hjokar/second_ros2_ws/install/urdf_tutorial_r2d2/lib/python3.10/site-packages:${PYTHONPATH} /usr/bin/python3 setup.py develop --editable --build-directory /home/hjokar/second_ros2_ws/build/urdf_tutorial_r2d2/build --no-deps install_data
