[0.043s] Invoking command in '/home/hjokar/second_ros2_ws/build/robot_bringup': CMAKE_PREFIX_PATH=${CMAKE_PREFIX_PATH}:/home/hjokar/second_ros2_ws/install/urdf_tutorial_r2d2:/home/hjokar/Desktop/ur5_ws/install/ur5_package:/opt/ros/humble /usr/bin/cmake --build /home/hjokar/second_ros2_ws/build/robot_bringup -- -j4 -l4
[0.422s] Invoked command in '/home/hjokar/second_ros2_ws/build/robot_bringup' returned '0': CMAKE_PREFIX_PATH=${CMAKE_PREFIX_PATH}:/home/hjokar/second_ros2_ws/install/urdf_tutorial_r2d2:/home/hjokar/Desktop/ur5_ws/install/ur5_package:/opt/ros/humble /usr/bin/cmake --build /home/hjokar/second_ros2_ws/build/robot_bringup -- -j4 -l4
[0.463s] Invoking command in '/home/hjokar/second_ros2_ws/build/robot_bringup': CMAKE_PREFIX_PATH=${CMAKE_PREFIX_PATH}:/home/hjokar/second_ros2_ws/install/urdf_tutorial_r2d2:/home/hjokar/Desktop/ur5_ws/install/ur5_package:/opt/ros/humble /usr/bin/cmake --install /home/hjokar/second_ros2_ws/build/robot_bringup
[0.474s] -- Install configuration: ""
[0.475s] -- Execute custom install script
[0.476s] -- Up-to-date symlink: /home/hjokar/second_ros2_ws/install/robot_bringup/share/robot_bringup/launch/demo.launch.py
[0.476s] -- Up-to-date symlink: /home/hjokar/second_ros2_ws/install/robot_bringup/share/ament_index/resource_index/package_run_dependencies/robot_bringup
[0.477s] -- Up-to-date symlink: /home/hjokar/second_ros2_ws/install/robot_bringup/share/ament_index/resource_index/parent_prefix_path/robot_bringup
[0.477s] -- Up-to-date symlink: /home/hjokar/second_ros2_ws/install/robot_bringup/share/robot_bringup/environment/ament_prefix_path.sh
[0.478s] -- Up-to-date symlink: /home/hjokar/second_ros2_ws/install/robot_bringup/share/robot_bringup/environment/ament_prefix_path.dsv
[0.478s] -- Up-to-date symlink: /home/hjokar/second_ros2_ws/install/robot_bringup/share/robot_bringup/environment/path.sh
[0.478s] -- Up-to-date symlink: /home/hjokar/second_ros2_ws/install/robot_bringup/share/robot_bringup/environment/path.dsv
[0.479s] -- Up-to-date symlink: /home/hjokar/second_ros2_ws/install/robot_bringup/share/robot_bringup/local_setup.bash
[0.479s] -- Up-to-date symlink: /home/hjokar/second_ros2_ws/install/robot_bringup/share/robot_bringup/local_setup.sh
[0.479s] -- Up-to-date symlink: /home/hjokar/second_ros2_ws/install/robot_bringup/share/robot_bringup/local_setup.zsh
[0.480s] -- Up-to-date symlink: /home/hjokar/second_ros2_ws/install/robot_bringup/share/robot_bringup/local_setup.dsv
[0.480s] -- Symlinking: /home/hjokar/second_ros2_ws/install/robot_bringup/share/robot_bringup/package.dsv
[0.492s] -- Up-to-date symlink: /home/hjokar/second_ros2_ws/install/robot_bringup/share/ament_index/resource_index/packages/robot_bringup
[0.492s] -- Up-to-date symlink: /home/hjokar/second_ros2_ws/install/robot_bringup/share/robot_bringup/cmake/robot_bringupConfig.cmake
[0.492s] -- Up-to-date symlink: /home/hjokar/second_ros2_ws/install/robot_bringup/share/robot_bringup/cmake/robot_bringupConfig-version.cmake
[0.493s] -- Up-to-date symlink: /home/hjokar/second_ros2_ws/install/robot_bringup/share/robot_bringup/package.xml
[0.496s] Invoked command in '/home/hjokar/second_ros2_ws/build/robot_bringup' returned '0': CMAKE_PREFIX_PATH=${CMAKE_PREFIX_PATH}:/home/hjokar/second_ros2_ws/install/urdf_tutorial_r2d2:/home/hjokar/Desktop/ur5_ws/install/ur5_package:/opt/ros/humble /usr/bin/cmake --install /home/hjokar/second_ros2_ws/build/robot_bringup
