[0.902s] Invoking command in '/home/hjokar/second_ros2_ws/build/urdf_tutorial_r2d2': PYTHONPATH=/home/hjokar/second_ros2_ws/build/urdf_tutorial_r2d2/prefix_override:/home/hjokar/second_ros2_ws/install/urdf_tutorial_r2d2/lib/python3.10/site-packages:${PYTHONPATH} /usr/bin/python3 setup.py develop --uninstall --editable --build-directory /home/hjokar/second_ros2_ws/build/urdf_tutorial_r2d2/build
[1.266s] running develop
[1.266s] /usr/lib/python3/dist-packages/setuptools/command/easy_install.py:158: EasyInstallDeprecationWarning: easy_install command is deprecated. Use build and pip and other standards-based tools.
[1.267s]   warnings.warn(
[1.268s] /usr/lib/python3/dist-packages/setuptools/command/install.py:34: SetuptoolsDeprecationWarning: setup.py install is deprecated. Use build and pip and other standards-based tools.
[1.268s]   warnings.warn(
[1.545s] Invoked command in '/home/hjokar/second_ros2_ws/build/urdf_tutorial_r2d2' returned '0': PYTHONPATH=/home/hjokar/second_ros2_ws/build/urdf_tutorial_r2d2/prefix_override:/home/hjokar/second_ros2_ws/install/urdf_tutorial_r2d2/lib/python3.10/site-packages:${PYTHONPATH} /usr/bin/python3 setup.py develop --uninstall --editable --build-directory /home/hjokar/second_ros2_ws/build/urdf_tutorial_r2d2/build
[1.549s] Invoking command in '/home/hjokar/second_ros2_ws/src/urdf_tutorial_r2d2': PYTHONPATH=/home/hjokar/second_ros2_ws/build/urdf_tutorial_r2d2/prefix_override:/home/hjokar/second_ros2_ws/install/urdf_tutorial_r2d2/lib/python3.10/site-packages:${PYTHONPATH} /usr/bin/python3 setup.py egg_info --egg-base ../../build/urdf_tutorial_r2d2 build --build-base /home/hjokar/second_ros2_ws/build/urdf_tutorial_r2d2/build install --record /home/hjokar/second_ros2_ws/build/urdf_tutorial_r2d2/install.log --single-version-externally-managed
[1.898s] running egg_info
[1.899s] writing ../../build/urdf_tutorial_r2d2/urdf_tutorial_r2d2.egg-info/PKG-INFO
[1.900s] writing dependency_links to ../../build/urdf_tutorial_r2d2/urdf_tutorial_r2d2.egg-info/dependency_links.txt
[1.900s] writing entry points to ../../build/urdf_tutorial_r2d2/urdf_tutorial_r2d2.egg-info/entry_points.txt
[1.900s] writing requirements to ../../build/urdf_tutorial_r2d2/urdf_tutorial_r2d2.egg-info/requires.txt
[1.900s] writing top-level names to ../../build/urdf_tutorial_r2d2/urdf_tutorial_r2d2.egg-info/top_level.txt
[1.903s] reading manifest file '../../build/urdf_tutorial_r2d2/urdf_tutorial_r2d2.egg-info/SOURCES.txt'
[1.903s] adding license file 'LICENSE'
[1.904s] writing manifest file '../../build/urdf_tutorial_r2d2/urdf_tutorial_r2d2.egg-info/SOURCES.txt'
[1.904s] running build
[1.904s] running build_py
[1.904s] running install
[1.905s] /usr/lib/python3/dist-packages/setuptools/command/install.py:34: SetuptoolsDeprecationWarning: setup.py install is deprecated. Use build and pip and other standards-based tools.
[1.905s]   warnings.warn(
[1.905s] running install_lib
[1.907s] running install_data
[1.907s] running install_egg_info
[1.910s] removing '/home/hjokar/second_ros2_ws/install/urdf_tutorial_r2d2/lib/python3.10/site-packages/urdf_tutorial_r2d2-0.0.0-py3.10.egg-info' (and everything under it)
[1.910s] Copying ../../build/urdf_tutorial_r2d2/urdf_tutorial_r2d2.egg-info to /home/hjokar/second_ros2_ws/install/urdf_tutorial_r2d2/lib/python3.10/site-packages/urdf_tutorial_r2d2-0.0.0-py3.10.egg-info
[1.911s] running install_scripts
[1.941s] Installing state_publisher script to /home/hjokar/second_ros2_ws/install/urdf_tutorial_r2d2/lib/urdf_tutorial_r2d2
[1.942s] writing list of installed files to '/home/hjokar/second_ros2_ws/build/urdf_tutorial_r2d2/install.log'
[1.986s] Invoked command in '/home/hjokar/second_ros2_ws/src/urdf_tutorial_r2d2' returned '0': PYTHONPATH=/home/hjokar/second_ros2_ws/build/urdf_tutorial_r2d2/prefix_override:/home/hjokar/second_ros2_ws/install/urdf_tutorial_r2d2/lib/python3.10/site-packages:${PYTHONPATH} /usr/bin/python3 setup.py egg_info --egg-base ../../build/urdf_tutorial_r2d2 build --build-base /home/hjokar/second_ros2_ws/build/urdf_tutorial_r2d2/build install --record /home/hjokar/second_ros2_ws/build/urdf_tutorial_r2d2/install.log --single-version-externally-managed
