[0.041s] Invoking command in '/home/hjokar/second_ros2_ws/build/robot_bringup': CMAKE_PREFIX_PATH=${CMAKE_PREFIX_PATH}:/home/hjokar/second_ros2_ws/install/urdf_tutorial_r2d2:/home/hjokar/Desktop/ur5_ws/install/ur5_package:/opt/ros/humble /usr/bin/cmake /home/hjokar/second_ros2_ws/src/robot_bringup -DCMAKE_INSTALL_PREFIX=/home/hjokar/second_ros2_ws/install/robot_bringup
[1.866s] -- The C compiler identification is GNU 11.4.0
[3.381s] -- The CXX compiler identification is GNU 11.4.0
[3.581s] -- Detecting C compiler ABI info
[3.914s] -- Detecting C compiler ABI info - done
[3.925s] -- Check for working C compiler: /usr/bin/cc - skipped
[3.942s] -- Detecting C compile features
[3.979s] -- Detecting C compile features - done
[4.061s] -- Detecting CXX compiler ABI info
[4.291s] -- Detecting CXX compiler ABI info - done
[4.306s] -- Check for working CXX compiler: /usr/bin/c++ - skipped
[4.306s] -- Detecting CXX compile features
[4.307s] -- Detecting CXX compile features - done
[4.354s] -- Found ament_cmake: 1.3.5 (/opt/ros/humble/share/ament_cmake/cmake)
[4.863s] -- Found Python3: /usr/bin/python3.10 (found version "3.10.12") found components: Interpreter 
[5.319s] -- Configuring done
[5.328s] -- Generating done
[5.331s] -- Build files have been written to: /home/hjokar/second_ros2_ws/build/robot_bringup
[5.342s] Invoked command in '/home/hjokar/second_ros2_ws/build/robot_bringup' returned '0': CMAKE_PREFIX_PATH=${CMAKE_PREFIX_PATH}:/home/hjokar/second_ros2_ws/install/urdf_tutorial_r2d2:/home/hjokar/Desktop/ur5_ws/install/ur5_package:/opt/ros/humble /usr/bin/cmake /home/hjokar/second_ros2_ws/src/robot_bringup -DCMAKE_INSTALL_PREFIX=/home/hjokar/second_ros2_ws/install/robot_bringup
[5.350s] Invoking command in '/home/hjokar/second_ros2_ws/build/robot_bringup': CMAKE_PREFIX_PATH=${CMAKE_PREFIX_PATH}:/home/hjokar/second_ros2_ws/install/urdf_tutorial_r2d2:/home/hjokar/Desktop/ur5_ws/install/ur5_package:/opt/ros/humble /usr/bin/cmake --build /home/hjokar/second_ros2_ws/build/robot_bringup -- -j4 -l4
[5.400s] Invoked command in '/home/hjokar/second_ros2_ws/build/robot_bringup' returned '0': CMAKE_PREFIX_PATH=${CMAKE_PREFIX_PATH}:/home/hjokar/second_ros2_ws/install/urdf_tutorial_r2d2:/home/hjokar/Desktop/ur5_ws/install/ur5_package:/opt/ros/humble /usr/bin/cmake --build /home/hjokar/second_ros2_ws/build/robot_bringup -- -j4 -l4
[5.444s] Invoking command in '/home/hjokar/second_ros2_ws/build/robot_bringup': CMAKE_PREFIX_PATH=${CMAKE_PREFIX_PATH}:/home/hjokar/second_ros2_ws/install/urdf_tutorial_r2d2:/home/hjokar/Desktop/ur5_ws/install/ur5_package:/opt/ros/humble /usr/bin/cmake --install /home/hjokar/second_ros2_ws/build/robot_bringup
[5.456s] -- Install configuration: ""
[5.456s] -- Installing: /home/hjokar/second_ros2_ws/install/robot_bringup/share/robot_bringup/launch
[5.456s] -- Installing: /home/hjokar/second_ros2_ws/install/robot_bringup/share/robot_bringup/launch/demo.launch.py
[5.456s] -- Installing: /home/hjokar/second_ros2_ws/install/robot_bringup/share/ament_index/resource_index/package_run_dependencies/robot_bringup
[5.457s] -- Installing: /home/hjokar/second_ros2_ws/install/robot_bringup/share/ament_index/resource_index/parent_prefix_path/robot_bringup
[5.457s] -- Installing: /home/hjokar/second_ros2_ws/install/robot_bringup/share/robot_bringup/environment/ament_prefix_path.sh
[5.457s] -- Installing: /home/hjokar/second_ros2_ws/install/robot_bringup/share/robot_bringup/environment/ament_prefix_path.dsv
[5.457s] -- Installing: /home/hjokar/second_ros2_ws/install/robot_bringup/share/robot_bringup/environment/path.sh
[5.457s] -- Installing: /home/hjokar/second_ros2_ws/install/robot_bringup/share/robot_bringup/environment/path.dsv
[5.458s] -- Installing: /home/hjokar/second_ros2_ws/install/robot_bringup/share/robot_bringup/local_setup.bash
[5.458s] -- Installing: /home/hjokar/second_ros2_ws/install/robot_bringup/share/robot_bringup/local_setup.sh
[5.458s] -- Installing: /home/hjokar/second_ros2_ws/install/robot_bringup/share/robot_bringup/local_setup.zsh
[5.458s] -- Installing: /home/hjokar/second_ros2_ws/install/robot_bringup/share/robot_bringup/local_setup.dsv
[5.458s] -- Installing: /home/hjokar/second_ros2_ws/install/robot_bringup/share/robot_bringup/package.dsv
[5.459s] -- Installing: /home/hjokar/second_ros2_ws/install/robot_bringup/share/ament_index/resource_index/packages/robot_bringup
[5.459s] -- Installing: /home/hjokar/second_ros2_ws/install/robot_bringup/share/robot_bringup/cmake/robot_bringupConfig.cmake
[5.459s] -- Installing: /home/hjokar/second_ros2_ws/install/robot_bringup/share/robot_bringup/cmake/robot_bringupConfig-version.cmake
[5.459s] -- Installing: /home/hjokar/second_ros2_ws/install/robot_bringup/share/robot_bringup/package.xml
[5.465s] Invoked command in '/home/hjokar/second_ros2_ws/build/robot_bringup' returned '0': CMAKE_PREFIX_PATH=${CMAKE_PREFIX_PATH}:/home/hjokar/second_ros2_ws/install/urdf_tutorial_r2d2:/home/hjokar/Desktop/ur5_ws/install/ur5_package:/opt/ros/humble /usr/bin/cmake --install /home/hjokar/second_ros2_ws/build/robot_bringup
