[0.455s] DEBUG:colcon:Command line arguments: ['/usr/bin/colcon', 'build', '--symlink-install']
[0.455s] DEBUG:colcon:Parsed command line arguments: Namespace(log_base=None, log_level=None, verb_name='build', build_base='build', install_base='install', merge_install=False, symlink_install=True, test_result_base=None, continue_on_error=False, executor='parallel', parallel_workers=4, event_handlers=None, ignore_user_meta=False, metas=['./colcon.meta'], base_paths=['.'], packages_ignore=None, packages_ignore_regex=None, paths=None, packages_up_to=None, packages_up_to_regex=None, packages_above=None, packages_above_and_dependencies=None, packages_above_depth=None, packages_select_by_dep=None, packages_skip_by_dep=None, packages_skip_up_to=None, packages_select_build_failed=False, packages_skip_build_finished=False, packages_select_test_failures=False, packages_skip_test_passed=False, packages_select=None, packages_skip=None, packages_select_regex=None, packages_skip_regex=None, packages_start=None, packages_end=None, allow_overriding=[], cmake_args=None, cmake_target=None, cmake_target_skip_unavailable=False, cmake_clean_cache=False, cmake_clean_first=False, cmake_force_configure=False, ament_cmake_args=None, catkin_cmake_args=None, catkin_skip_building_tests=False, verb_parser=<colcon_defaults.argument_parser.defaults.DefaultArgumentsDecorator object at 0x7f163b532aa0>, verb_extension=<colcon_core.verb.build.BuildVerb object at 0x7f163bd53610>, main=<bound method BuildVerb.main of <colcon_core.verb.build.BuildVerb object at 0x7f163bd53610>>)
[0.499s] Level 1:colcon.colcon_core.package_discovery:discover_packages(colcon_meta) check parameters
[0.499s] Level 1:colcon.colcon_core.package_discovery:discover_packages(recursive) check parameters
[0.499s] Level 1:colcon.colcon_core.package_discovery:discover_packages(ignore) check parameters
[0.499s] Level 1:colcon.colcon_core.package_discovery:discover_packages(path) check parameters
[0.500s] Level 1:colcon.colcon_core.package_discovery:discover_packages(colcon_meta) discover
[0.500s] Level 1:colcon.colcon_core.package_discovery:discover_packages(recursive) discover
[0.500s] INFO:colcon.colcon_core.package_discovery:Crawling recursively for packages in '/home/hjokar/second_ros2_ws'
[0.500s] Level 1:colcon.colcon_core.package_identification:_identify(.) by extensions ['ignore', 'ignore_ament_install']
[0.500s] Level 1:colcon.colcon_core.package_identification:_identify(.) by extension 'ignore'
[0.500s] Level 1:colcon.colcon_core.package_identification:_identify(.) by extension 'ignore_ament_install'
[0.500s] Level 1:colcon.colcon_core.package_identification:_identify(.) by extensions ['colcon_pkg']
[0.500s] Level 1:colcon.colcon_core.package_identification:_identify(.) by extension 'colcon_pkg'
[0.500s] Level 1:colcon.colcon_core.package_identification:_identify(.) by extensions ['colcon_meta']
[0.500s] Level 1:colcon.colcon_core.package_identification:_identify(.) by extension 'colcon_meta'
[0.500s] Level 1:colcon.colcon_core.package_identification:_identify(.) by extensions ['ros']
[0.500s] Level 1:colcon.colcon_core.package_identification:_identify(.) by extension 'ros'
[0.517s] Level 1:colcon.colcon_core.package_identification:_identify(.) by extensions ['cmake', 'python']
[0.517s] Level 1:colcon.colcon_core.package_identification:_identify(.) by extension 'cmake'
[0.517s] Level 1:colcon.colcon_core.package_identification:_identify(.) by extension 'python'
[0.517s] Level 1:colcon.colcon_core.package_identification:_identify(.) by extensions ['python_setup_py']
[0.517s] Level 1:colcon.colcon_core.package_identification:_identify(.) by extension 'python_setup_py'
[0.517s] Level 1:colcon.colcon_core.package_identification:_identify(build) by extensions ['ignore', 'ignore_ament_install']
[0.518s] Level 1:colcon.colcon_core.package_identification:_identify(build) by extension 'ignore'
[0.518s] Level 1:colcon.colcon_core.package_identification:_identify(build) ignored
[0.518s] Level 1:colcon.colcon_core.package_identification:_identify(install) by extensions ['ignore', 'ignore_ament_install']
[0.518s] Level 1:colcon.colcon_core.package_identification:_identify(install) by extension 'ignore'
[0.518s] Level 1:colcon.colcon_core.package_identification:_identify(install) ignored
[0.518s] Level 1:colcon.colcon_core.package_identification:_identify(log) by extensions ['ignore', 'ignore_ament_install']
[0.518s] Level 1:colcon.colcon_core.package_identification:_identify(log) by extension 'ignore'
[0.518s] Level 1:colcon.colcon_core.package_identification:_identify(log) ignored
[0.518s] Level 1:colcon.colcon_core.package_identification:_identify(src) by extensions ['ignore', 'ignore_ament_install']
[0.518s] Level 1:colcon.colcon_core.package_identification:_identify(src) by extension 'ignore'
[0.519s] Level 1:colcon.colcon_core.package_identification:_identify(src) by extension 'ignore_ament_install'
[0.519s] Level 1:colcon.colcon_core.package_identification:_identify(src) by extensions ['colcon_pkg']
[0.519s] Level 1:colcon.colcon_core.package_identification:_identify(src) by extension 'colcon_pkg'
[0.519s] Level 1:colcon.colcon_core.package_identification:_identify(src) by extensions ['colcon_meta']
[0.519s] Level 1:colcon.colcon_core.package_identification:_identify(src) by extension 'colcon_meta'
[0.519s] Level 1:colcon.colcon_core.package_identification:_identify(src) by extensions ['ros']
[0.519s] Level 1:colcon.colcon_core.package_identification:_identify(src) by extension 'ros'
[0.519s] Level 1:colcon.colcon_core.package_identification:_identify(src) by extensions ['cmake', 'python']
[0.519s] Level 1:colcon.colcon_core.package_identification:_identify(src) by extension 'cmake'
[0.519s] Level 1:colcon.colcon_core.package_identification:_identify(src) by extension 'python'
[0.519s] Level 1:colcon.colcon_core.package_identification:_identify(src) by extensions ['python_setup_py']
[0.519s] Level 1:colcon.colcon_core.package_identification:_identify(src) by extension 'python_setup_py'
[0.519s] Level 1:colcon.colcon_core.package_identification:_identify(src/robot_bringup) by extensions ['ignore', 'ignore_ament_install']
[0.519s] Level 1:colcon.colcon_core.package_identification:_identify(src/robot_bringup) by extension 'ignore'
[0.520s] Level 1:colcon.colcon_core.package_identification:_identify(src/robot_bringup) by extension 'ignore_ament_install'
[0.520s] Level 1:colcon.colcon_core.package_identification:_identify(src/robot_bringup) by extensions ['colcon_pkg']
[0.520s] Level 1:colcon.colcon_core.package_identification:_identify(src/robot_bringup) by extension 'colcon_pkg'
[0.520s] Level 1:colcon.colcon_core.package_identification:_identify(src/robot_bringup) by extensions ['colcon_meta']
[0.520s] Level 1:colcon.colcon_core.package_identification:_identify(src/robot_bringup) by extension 'colcon_meta'
[0.520s] Level 1:colcon.colcon_core.package_identification:_identify(src/robot_bringup) by extensions ['ros']
[0.520s] Level 1:colcon.colcon_core.package_identification:_identify(src/robot_bringup) by extension 'ros'
[0.523s] DEBUG:colcon.colcon_core.package_identification:Package 'src/robot_bringup' with type 'ros.ament_cmake' and name 'robot_bringup'
[0.523s] Level 1:colcon.colcon_core.package_identification:_identify(src/urdf_tutorial_r2d2) by extensions ['ignore', 'ignore_ament_install']
[0.523s] Level 1:colcon.colcon_core.package_identification:_identify(src/urdf_tutorial_r2d2) by extension 'ignore'
[0.523s] Level 1:colcon.colcon_core.package_identification:_identify(src/urdf_tutorial_r2d2) by extension 'ignore_ament_install'
[0.524s] Level 1:colcon.colcon_core.package_identification:_identify(src/urdf_tutorial_r2d2) by extensions ['colcon_pkg']
[0.524s] Level 1:colcon.colcon_core.package_identification:_identify(src/urdf_tutorial_r2d2) by extension 'colcon_pkg'
[0.524s] Level 1:colcon.colcon_core.package_identification:_identify(src/urdf_tutorial_r2d2) by extensions ['colcon_meta']
[0.524s] Level 1:colcon.colcon_core.package_identification:_identify(src/urdf_tutorial_r2d2) by extension 'colcon_meta'
[0.524s] Level 1:colcon.colcon_core.package_identification:_identify(src/urdf_tutorial_r2d2) by extensions ['ros']
[0.524s] Level 1:colcon.colcon_core.package_identification:_identify(src/urdf_tutorial_r2d2) by extension 'ros'
[0.525s] DEBUG:colcon.colcon_core.package_identification:Package 'src/urdf_tutorial_r2d2' with type 'ros.ament_python' and name 'urdf_tutorial_r2d2'
[0.525s] Level 1:colcon.colcon_core.package_discovery:discover_packages(recursive) using defaults
[0.525s] Level 1:colcon.colcon_core.package_discovery:discover_packages(ignore) discover
[0.525s] Level 1:colcon.colcon_core.package_discovery:discover_packages(ignore) using defaults
[0.525s] Level 1:colcon.colcon_core.package_discovery:discover_packages(path) discover
[0.525s] Level 1:colcon.colcon_core.package_discovery:discover_packages(path) using defaults
[0.557s] Level 1:colcon.colcon_core.package_discovery:discover_packages(prefix_path) check parameters
[0.558s] Level 1:colcon.colcon_core.package_discovery:discover_packages(prefix_path) discover
[0.561s] DEBUG:colcon.colcon_installed_package_information.package_discovery:Found 1 installed packages in /home/hjokar/Desktop/dev_ws/install
[0.562s] DEBUG:colcon.colcon_installed_package_information.package_discovery:Found 1 installed packages in /home/hjokar/Desktop/ur5_ws/install
[0.563s] DEBUG:colcon.colcon_installed_package_information.package_discovery:Found 2 installed packages in /home/hjokar/second_ros2_ws/install
[0.566s] DEBUG:colcon.colcon_installed_package_information.package_discovery:Found 286 installed packages in /opt/ros/humble
[0.568s] Level 1:colcon.colcon_core.package_discovery:discover_packages(prefix_path) using defaults
[0.659s] Level 5:colcon.colcon_core.verb:set package 'robot_bringup' build argument 'cmake_args' from command line to 'None'
[0.659s] Level 5:colcon.colcon_core.verb:set package 'robot_bringup' build argument 'cmake_target' from command line to 'None'
[0.659s] Level 5:colcon.colcon_core.verb:set package 'robot_bringup' build argument 'cmake_target_skip_unavailable' from command line to 'False'
[0.659s] Level 5:colcon.colcon_core.verb:set package 'robot_bringup' build argument 'cmake_clean_cache' from command line to 'False'
[0.659s] Level 5:colcon.colcon_core.verb:set package 'robot_bringup' build argument 'cmake_clean_first' from command line to 'False'
[0.659s] Level 5:colcon.colcon_core.verb:set package 'robot_bringup' build argument 'cmake_force_configure' from command line to 'False'
[0.659s] Level 5:colcon.colcon_core.verb:set package 'robot_bringup' build argument 'ament_cmake_args' from command line to 'None'
[0.659s] Level 5:colcon.colcon_core.verb:set package 'robot_bringup' build argument 'catkin_cmake_args' from command line to 'None'
[0.659s] Level 5:colcon.colcon_core.verb:set package 'robot_bringup' build argument 'catkin_skip_building_tests' from command line to 'False'
[0.659s] DEBUG:colcon.colcon_core.verb:Building package 'robot_bringup' with the following arguments: {'ament_cmake_args': None, 'build_base': '/home/hjokar/second_ros2_ws/build/robot_bringup', 'catkin_cmake_args': None, 'catkin_skip_building_tests': False, 'cmake_args': None, 'cmake_clean_cache': False, 'cmake_clean_first': False, 'cmake_force_configure': False, 'cmake_target': None, 'cmake_target_skip_unavailable': False, 'install_base': '/home/hjokar/second_ros2_ws/install/robot_bringup', 'merge_install': False, 'path': '/home/hjokar/second_ros2_ws/src/robot_bringup', 'symlink_install': True, 'test_result_base': None}
[0.661s] Level 5:colcon.colcon_core.verb:set package 'urdf_tutorial_r2d2' build argument 'cmake_args' from command line to 'None'
[0.661s] Level 5:colcon.colcon_core.verb:set package 'urdf_tutorial_r2d2' build argument 'cmake_target' from command line to 'None'
[0.661s] Level 5:colcon.colcon_core.verb:set package 'urdf_tutorial_r2d2' build argument 'cmake_target_skip_unavailable' from command line to 'False'
[0.661s] Level 5:colcon.colcon_core.verb:set package 'urdf_tutorial_r2d2' build argument 'cmake_clean_cache' from command line to 'False'
[0.661s] Level 5:colcon.colcon_core.verb:set package 'urdf_tutorial_r2d2' build argument 'cmake_clean_first' from command line to 'False'
[0.661s] Level 5:colcon.colcon_core.verb:set package 'urdf_tutorial_r2d2' build argument 'cmake_force_configure' from command line to 'False'
[0.661s] Level 5:colcon.colcon_core.verb:set package 'urdf_tutorial_r2d2' build argument 'ament_cmake_args' from command line to 'None'
[0.661s] Level 5:colcon.colcon_core.verb:set package 'urdf_tutorial_r2d2' build argument 'catkin_cmake_args' from command line to 'None'
[0.661s] Level 5:colcon.colcon_core.verb:set package 'urdf_tutorial_r2d2' build argument 'catkin_skip_building_tests' from command line to 'False'
[0.661s] DEBUG:colcon.colcon_core.verb:Building package 'urdf_tutorial_r2d2' with the following arguments: {'ament_cmake_args': None, 'build_base': '/home/hjokar/second_ros2_ws/build/urdf_tutorial_r2d2', 'catkin_cmake_args': None, 'catkin_skip_building_tests': False, 'cmake_args': None, 'cmake_clean_cache': False, 'cmake_clean_first': False, 'cmake_force_configure': False, 'cmake_target': None, 'cmake_target_skip_unavailable': False, 'install_base': '/home/hjokar/second_ros2_ws/install/urdf_tutorial_r2d2', 'merge_install': False, 'path': '/home/hjokar/second_ros2_ws/src/urdf_tutorial_r2d2', 'symlink_install': True, 'test_result_base': None}
[0.662s] INFO:colcon.colcon_core.executor:Executing jobs using 'parallel' executor
[0.667s] DEBUG:colcon.colcon_parallel_executor.executor.parallel:run_until_complete
[0.667s] INFO:colcon.colcon_ros.task.ament_cmake.build:Building ROS package in '/home/hjokar/second_ros2_ws/src/robot_bringup' with build type 'ament_cmake'
[0.667s] INFO:colcon.colcon_cmake.task.cmake.build:Building CMake package in '/home/hjokar/second_ros2_ws/src/robot_bringup'
[0.674s] INFO:colcon.colcon_core.plugin_system:Skipping extension 'colcon_core.shell.bat': Not used on non-Windows systems
[0.674s] INFO:colcon.colcon_core.shell:Skip shell extension 'powershell' for command environment: Not usable outside of PowerShell
[0.674s] DEBUG:colcon.colcon_core.shell:Skip shell extension 'dsv' for command environment
[0.686s] INFO:colcon.colcon_ros.task.ament_python.build:Building ROS package in '/home/hjokar/second_ros2_ws/src/urdf_tutorial_r2d2' with build type 'ament_python'
[0.687s] Level 1:colcon.colcon_core.shell:create_environment_hook('urdf_tutorial_r2d2', 'ament_prefix_path')
[0.689s] INFO:colcon.colcon_core.shell:Creating environment hook '/home/hjokar/second_ros2_ws/install/urdf_tutorial_r2d2/share/urdf_tutorial_r2d2/hook/ament_prefix_path.ps1'
[0.691s] INFO:colcon.colcon_core.shell:Creating environment descriptor '/home/hjokar/second_ros2_ws/install/urdf_tutorial_r2d2/share/urdf_tutorial_r2d2/hook/ament_prefix_path.dsv'
[0.692s] INFO:colcon.colcon_core.shell:Creating environment hook '/home/hjokar/second_ros2_ws/install/urdf_tutorial_r2d2/share/urdf_tutorial_r2d2/hook/ament_prefix_path.sh'
[0.695s] INFO:colcon.colcon_core.shell:Skip shell extension 'powershell' for command environment: Not usable outside of PowerShell
[0.695s] DEBUG:colcon.colcon_core.shell:Skip shell extension 'dsv' for command environment
[0.714s] DEBUG:colcon.colcon_core.event_handler.log_command:Invoking command in '/home/hjokar/second_ros2_ws/build/robot_bringup': CMAKE_PREFIX_PATH=${CMAKE_PREFIX_PATH}:/home/hjokar/second_ros2_ws/install/urdf_tutorial_r2d2:/home/hjokar/Desktop/ur5_ws/install/ur5_package:/opt/ros/humble /usr/bin/cmake /home/hjokar/second_ros2_ws/src/robot_bringup -DAMENT_CMAKE_SYMLINK_INSTALL=1 -DCMAKE_INSTALL_PREFIX=/home/hjokar/second_ros2_ws/install/robot_bringup
[1.149s] INFO:colcon.colcon_core.task.python.build:Building Python package in '/home/hjokar/second_ros2_ws/src/urdf_tutorial_r2d2'
[1.151s] INFO:colcon.colcon_core.shell:Skip shell extension 'powershell' for command environment: Not usable outside of PowerShell
[1.152s] DEBUG:colcon.colcon_core.shell:Skip shell extension 'dsv' for command environment
[1.161s] DEBUG:colcon.colcon_core.event_handler.log_command:Invoked command in '/home/hjokar/second_ros2_ws/build/robot_bringup' returned '0': CMAKE_PREFIX_PATH=${CMAKE_PREFIX_PATH}:/home/hjokar/second_ros2_ws/install/urdf_tutorial_r2d2:/home/hjokar/Desktop/ur5_ws/install/ur5_package:/opt/ros/humble /usr/bin/cmake /home/hjokar/second_ros2_ws/src/robot_bringup -DAMENT_CMAKE_SYMLINK_INSTALL=1 -DCMAKE_INSTALL_PREFIX=/home/hjokar/second_ros2_ws/install/robot_bringup
[1.165s] DEBUG:colcon.colcon_core.event_handler.log_command:Invoking command in '/home/hjokar/second_ros2_ws/build/robot_bringup': CMAKE_PREFIX_PATH=${CMAKE_PREFIX_PATH}:/home/hjokar/second_ros2_ws/install/urdf_tutorial_r2d2:/home/hjokar/Desktop/ur5_ws/install/ur5_package:/opt/ros/humble /usr/bin/cmake --build /home/hjokar/second_ros2_ws/build/robot_bringup -- -j4 -l4
[1.217s] DEBUG:colcon.colcon_core.event_handler.log_command:Invoked command in '/home/hjokar/second_ros2_ws/build/robot_bringup' returned '0': CMAKE_PREFIX_PATH=${CMAKE_PREFIX_PATH}:/home/hjokar/second_ros2_ws/install/urdf_tutorial_r2d2:/home/hjokar/Desktop/ur5_ws/install/ur5_package:/opt/ros/humble /usr/bin/cmake --build /home/hjokar/second_ros2_ws/build/robot_bringup -- -j4 -l4
[1.257s] DEBUG:colcon.colcon_core.event_handler.log_command:Invoking command in '/home/hjokar/second_ros2_ws/build/robot_bringup': CMAKE_PREFIX_PATH=${CMAKE_PREFIX_PATH}:/home/hjokar/second_ros2_ws/install/urdf_tutorial_r2d2:/home/hjokar/Desktop/ur5_ws/install/ur5_package:/opt/ros/humble /usr/bin/cmake --install /home/hjokar/second_ros2_ws/build/robot_bringup
[1.457s] Level 1:colcon.colcon_core.environment:create_environment_scripts_only(robot_bringup)
[1.459s] DEBUG:colcon.colcon_core.event_handler.log_command:Invoked command in '/home/hjokar/second_ros2_ws/build/robot_bringup' returned '0': CMAKE_PREFIX_PATH=${CMAKE_PREFIX_PATH}:/home/hjokar/second_ros2_ws/install/urdf_tutorial_r2d2:/home/hjokar/Desktop/ur5_ws/install/ur5_package:/opt/ros/humble /usr/bin/cmake --install /home/hjokar/second_ros2_ws/build/robot_bringup
[1.465s] Level 1:colcon.colcon_core.environment:checking '/home/hjokar/second_ros2_ws/install/robot_bringup' for CMake module files
[1.466s] Level 1:colcon.colcon_core.environment:checking '/home/hjokar/second_ros2_ws/install/robot_bringup' for CMake config files
[1.466s] Level 1:colcon.colcon_core.shell:create_environment_hook('robot_bringup', 'cmake_prefix_path')
[1.468s] INFO:colcon.colcon_core.shell:Creating environment hook '/home/hjokar/second_ros2_ws/install/robot_bringup/share/robot_bringup/hook/cmake_prefix_path.ps1'
[1.469s] INFO:colcon.colcon_core.shell:Creating environment descriptor '/home/hjokar/second_ros2_ws/install/robot_bringup/share/robot_bringup/hook/cmake_prefix_path.dsv'
[1.469s] INFO:colcon.colcon_core.shell:Creating environment hook '/home/hjokar/second_ros2_ws/install/robot_bringup/share/robot_bringup/hook/cmake_prefix_path.sh'
[1.470s] Level 1:colcon.colcon_core.environment:checking '/home/hjokar/second_ros2_ws/install/robot_bringup/bin'
[1.470s] Level 1:colcon.colcon_core.environment:checking '/home/hjokar/second_ros2_ws/install/robot_bringup/lib/pkgconfig/robot_bringup.pc'
[1.471s] Level 1:colcon.colcon_core.environment:checking '/home/hjokar/second_ros2_ws/install/robot_bringup/lib/python3.10/site-packages'
[1.471s] Level 1:colcon.colcon_core.environment:checking '/home/hjokar/second_ros2_ws/install/robot_bringup/bin'
[1.473s] INFO:colcon.colcon_core.shell:Creating package script '/home/hjokar/second_ros2_ws/install/robot_bringup/share/robot_bringup/package.ps1'
[1.474s] INFO:colcon.colcon_core.shell:Creating package descriptor '/home/hjokar/second_ros2_ws/install/robot_bringup/share/robot_bringup/package.dsv'
[1.475s] INFO:colcon.colcon_core.shell:Creating package script '/home/hjokar/second_ros2_ws/install/robot_bringup/share/robot_bringup/package.sh'
[1.476s] INFO:colcon.colcon_core.shell:Creating package script '/home/hjokar/second_ros2_ws/install/robot_bringup/share/robot_bringup/package.bash'
[1.477s] INFO:colcon.colcon_core.shell:Creating package script '/home/hjokar/second_ros2_ws/install/robot_bringup/share/robot_bringup/package.zsh'
[1.478s] Level 1:colcon.colcon_core.environment:create_file_with_runtime_dependencies(/home/hjokar/second_ros2_ws/install/robot_bringup/share/colcon-core/packages/robot_bringup)
[1.514s] Level 1:colcon.colcon_core.environment:create_environment_scripts_only(robot_bringup)
[1.518s] Level 1:colcon.colcon_core.environment:checking '/home/hjokar/second_ros2_ws/install/robot_bringup' for CMake module files
[1.519s] Level 1:colcon.colcon_core.environment:checking '/home/hjokar/second_ros2_ws/install/robot_bringup' for CMake config files
[1.519s] Level 1:colcon.colcon_core.shell:create_environment_hook('robot_bringup', 'cmake_prefix_path')
[1.521s] INFO:colcon.colcon_core.shell:Creating environment hook '/home/hjokar/second_ros2_ws/install/robot_bringup/share/robot_bringup/hook/cmake_prefix_path.ps1'
[1.522s] INFO:colcon.colcon_core.shell:Creating environment descriptor '/home/hjokar/second_ros2_ws/install/robot_bringup/share/robot_bringup/hook/cmake_prefix_path.dsv'
[1.522s] INFO:colcon.colcon_core.shell:Creating environment hook '/home/hjokar/second_ros2_ws/install/robot_bringup/share/robot_bringup/hook/cmake_prefix_path.sh'
[1.523s] Level 1:colcon.colcon_core.environment:checking '/home/hjokar/second_ros2_ws/install/robot_bringup/bin'
[1.523s] Level 1:colcon.colcon_core.environment:checking '/home/hjokar/second_ros2_ws/install/robot_bringup/lib/pkgconfig/robot_bringup.pc'
[1.523s] Level 1:colcon.colcon_core.environment:checking '/home/hjokar/second_ros2_ws/install/robot_bringup/lib/python3.10/site-packages'
[1.524s] Level 1:colcon.colcon_core.environment:checking '/home/hjokar/second_ros2_ws/install/robot_bringup/bin'
[1.526s] INFO:colcon.colcon_core.shell:Creating package script '/home/hjokar/second_ros2_ws/install/robot_bringup/share/robot_bringup/package.ps1'
[1.527s] INFO:colcon.colcon_core.shell:Creating package descriptor '/home/hjokar/second_ros2_ws/install/robot_bringup/share/robot_bringup/package.dsv'
[1.527s] INFO:colcon.colcon_core.shell:Creating package script '/home/hjokar/second_ros2_ws/install/robot_bringup/share/robot_bringup/package.sh'
[1.528s] INFO:colcon.colcon_core.shell:Creating package script '/home/hjokar/second_ros2_ws/install/robot_bringup/share/robot_bringup/package.bash'
[1.529s] INFO:colcon.colcon_core.shell:Creating package script '/home/hjokar/second_ros2_ws/install/robot_bringup/share/robot_bringup/package.zsh'
[1.529s] Level 1:colcon.colcon_core.environment:create_file_with_runtime_dependencies(/home/hjokar/second_ros2_ws/install/robot_bringup/share/colcon-core/packages/robot_bringup)
[1.690s] DEBUG:colcon.colcon_core.task.python.build:While undoing a previous installation files outside the Python library path are being ignored: /home/hjokar/second_ros2_ws/install/urdf_tutorial_r2d2/share/ament_index/resource_index/packages/urdf_tutorial_r2d2
[1.690s] DEBUG:colcon.colcon_core.task.python.build:While undoing a previous installation files outside the Python library path are being ignored: /home/hjokar/second_ros2_ws/install/urdf_tutorial_r2d2/share/urdf_tutorial_r2d2/package.xml
[1.690s] DEBUG:colcon.colcon_core.task.python.build:While undoing a previous installation files outside the Python library path are being ignored: /home/hjokar/second_ros2_ws/install/urdf_tutorial_r2d2/share/urdf_tutorial_r2d2/launch
[1.690s] DEBUG:colcon.colcon_core.task.python.build:While undoing a previous installation files outside the Python library path are being ignored: /home/hjokar/second_ros2_ws/install/urdf_tutorial_r2d2/share/urdf_tutorial_r2d2/r2d2.rviz
[1.690s] DEBUG:colcon.colcon_core.task.python.build:While undoing a previous installation files outside the Python library path are being ignored: /home/hjokar/second_ros2_ws/install/urdf_tutorial_r2d2/share/urdf_tutorial_r2d2/r2d2.urdf.xml
[1.691s] DEBUG:colcon.colcon_core.task.python.build:While undoing a previous installation files outside the Python library path are being ignored: /home/hjokar/second_ros2_ws/install/urdf_tutorial_r2d2/lib/urdf_tutorial_r2d2/state_publisher
[1.695s] DEBUG:colcon.colcon_core.event_handler.log_command:Invoking command in '/home/hjokar/second_ros2_ws/build/urdf_tutorial_r2d2': PYTHONPATH=/home/hjokar/second_ros2_ws/build/urdf_tutorial_r2d2/prefix_override:/home/hjokar/second_ros2_ws/install/urdf_tutorial_r2d2/lib/python3.10/site-packages:${PYTHONPATH} /usr/bin/python3 setup.py develop --editable --build-directory /home/hjokar/second_ros2_ws/build/urdf_tutorial_r2d2/build --no-deps install_data
[2.360s] DEBUG:colcon.colcon_core.event_handler.log_command:Invoked command in '/home/hjokar/second_ros2_ws/build/urdf_tutorial_r2d2' returned '1': PYTHONPATH=/home/hjokar/second_ros2_ws/build/urdf_tutorial_r2d2/prefix_override:/home/hjokar/second_ros2_ws/install/urdf_tutorial_r2d2/lib/python3.10/site-packages:${PYTHONPATH} /usr/bin/python3 setup.py develop --editable --build-directory /home/hjokar/second_ros2_ws/build/urdf_tutorial_r2d2/build --no-deps install_data
[2.369s] DEBUG:colcon.colcon_parallel_executor.executor.parallel:closing loop
[2.370s] DEBUG:colcon.colcon_parallel_executor.executor.parallel:loop closed
[2.370s] DEBUG:colcon.colcon_parallel_executor.executor.parallel:run_until_complete finished with '1'
[2.370s] DEBUG:colcon.colcon_core.event_reactor:joining thread
[2.383s] INFO:colcon.colcon_core.plugin_system:Skipping extension 'colcon_notification.desktop_notification.terminal_notifier': Not used on non-Darwin systems
[2.384s] INFO:colcon.colcon_core.plugin_system:Skipping extension 'colcon_notification.desktop_notification.win32': Not used on non-Windows systems
[2.384s] INFO:colcon.colcon_notification.desktop_notification:Sending desktop notification using 'notify2'
[2.407s] DEBUG:colcon.colcon_core.event_reactor:joined thread
[2.410s] INFO:colcon.colcon_core.shell:Creating prefix script '/home/hjokar/second_ros2_ws/install/local_setup.ps1'
[2.411s] INFO:colcon.colcon_core.shell:Creating prefix util module '/home/hjokar/second_ros2_ws/install/_local_setup_util_ps1.py'
[2.416s] INFO:colcon.colcon_core.shell:Creating prefix chain script '/home/hjokar/second_ros2_ws/install/setup.ps1'
[2.420s] INFO:colcon.colcon_core.shell:Creating prefix script '/home/hjokar/second_ros2_ws/install/local_setup.sh'
[2.421s] INFO:colcon.colcon_core.shell:Creating prefix util module '/home/hjokar/second_ros2_ws/install/_local_setup_util_sh.py'
[2.422s] INFO:colcon.colcon_core.shell:Creating prefix chain script '/home/hjokar/second_ros2_ws/install/setup.sh'
[2.424s] INFO:colcon.colcon_core.shell:Creating prefix script '/home/hjokar/second_ros2_ws/install/local_setup.bash'
[2.424s] INFO:colcon.colcon_core.shell:Creating prefix chain script '/home/hjokar/second_ros2_ws/install/setup.bash'
[2.427s] INFO:colcon.colcon_core.shell:Creating prefix script '/home/hjokar/second_ros2_ws/install/local_setup.zsh'
[2.428s] INFO:colcon.colcon_core.shell:Creating prefix chain script '/home/hjokar/second_ros2_ws/install/setup.zsh'
