[0.041s] Invoking command in '/home/hjokar/second_ros2_ws/build/robot_bringup': CMAKE_PREFIX_PATH=${CMAKE_PREFIX_PATH}:/home/hjokar/second_ros2_ws/install/urdf_tutorial_r2d2:/home/hjokar/Desktop/ur5_ws/install/ur5_package:/opt/ros/humble /usr/bin/cmake /home/hjokar/second_ros2_ws/src/robot_bringup -DCMAKE_INSTALL_PREFIX=/home/hjokar/second_ros2_ws/install/robot_bringup
[0.060s] -- Found ament_cmake: 1.3.5 (/opt/ros/humble/share/ament_cmake/cmake)
[0.271s] -- Override CMake install command with custom implementation using symlinks instead of copying resources
[0.381s] -- Configuring done
[0.385s] -- Generating done
[0.386s] -- Build files have been written to: /home/hjokar/second_ros2_ws/build/robot_bringup
[0.460s] Invoked command in '/home/hjokar/second_ros2_ws/build/robot_bringup' returned '0': CMAKE_PREFIX_PATH=${CMAKE_PREFIX_PATH}:/home/hjokar/second_ros2_ws/install/urdf_tutorial_r2d2:/home/hjokar/Desktop/ur5_ws/install/ur5_package:/opt/ros/humble /usr/bin/cmake /home/hjokar/second_ros2_ws/src/robot_bringup -DCMAKE_INSTALL_PREFIX=/home/hjokar/second_ros2_ws/install/robot_bringup
[0.463s] Invoking command in '/home/hjokar/second_ros2_ws/build/robot_bringup': CMAKE_PREFIX_PATH=${CMAKE_PREFIX_PATH}:/home/hjokar/second_ros2_ws/install/urdf_tutorial_r2d2:/home/hjokar/Desktop/ur5_ws/install/ur5_package:/opt/ros/humble /usr/bin/cmake --build /home/hjokar/second_ros2_ws/build/robot_bringup -- -j4 -l4
[0.513s] Invoked command in '/home/hjokar/second_ros2_ws/build/robot_bringup' returned '0': CMAKE_PREFIX_PATH=${CMAKE_PREFIX_PATH}:/home/hjokar/second_ros2_ws/install/urdf_tutorial_r2d2:/home/hjokar/Desktop/ur5_ws/install/ur5_package:/opt/ros/humble /usr/bin/cmake --build /home/hjokar/second_ros2_ws/build/robot_bringup -- -j4 -l4
[0.555s] Invoking command in '/home/hjokar/second_ros2_ws/build/robot_bringup': CMAKE_PREFIX_PATH=${CMAKE_PREFIX_PATH}:/home/hjokar/second_ros2_ws/install/urdf_tutorial_r2d2:/home/hjokar/Desktop/ur5_ws/install/ur5_package:/opt/ros/humble /usr/bin/cmake --install /home/hjokar/second_ros2_ws/build/robot_bringup
[0.566s] -- Install configuration: ""
[0.567s] -- Execute custom install script
[0.567s] -- Up-to-date symlink: /home/hjokar/second_ros2_ws/install/robot_bringup/share/robot_bringup/launch/demo.launch.py
[0.567s] -- Up-to-date symlink: /home/hjokar/second_ros2_ws/install/robot_bringup/share/ament_index/resource_index/package_run_dependencies/robot_bringup
[0.568s] -- Up-to-date symlink: /home/hjokar/second_ros2_ws/install/robot_bringup/share/ament_index/resource_index/parent_prefix_path/robot_bringup
[0.568s] -- Up-to-date symlink: /home/hjokar/second_ros2_ws/install/robot_bringup/share/robot_bringup/environment/ament_prefix_path.sh
[0.568s] -- Up-to-date symlink: /home/hjokar/second_ros2_ws/install/robot_bringup/share/robot_bringup/environment/ament_prefix_path.dsv
[0.569s] -- Up-to-date symlink: /home/hjokar/second_ros2_ws/install/robot_bringup/share/robot_bringup/environment/path.sh
[0.569s] -- Up-to-date symlink: /home/hjokar/second_ros2_ws/install/robot_bringup/share/robot_bringup/environment/path.dsv
[0.569s] -- Up-to-date symlink: /home/hjokar/second_ros2_ws/install/robot_bringup/share/robot_bringup/local_setup.bash
[0.570s] -- Up-to-date symlink: /home/hjokar/second_ros2_ws/install/robot_bringup/share/robot_bringup/local_setup.sh
[0.570s] -- Up-to-date symlink: /home/hjokar/second_ros2_ws/install/robot_bringup/share/robot_bringup/local_setup.zsh
[0.570s] -- Up-to-date symlink: /home/hjokar/second_ros2_ws/install/robot_bringup/share/robot_bringup/local_setup.dsv
[0.570s] -- Symlinking: /home/hjokar/second_ros2_ws/install/robot_bringup/share/robot_bringup/package.dsv
[0.582s] -- Up-to-date symlink: /home/hjokar/second_ros2_ws/install/robot_bringup/share/ament_index/resource_index/packages/robot_bringup
[0.583s] -- Up-to-date symlink: /home/hjokar/second_ros2_ws/install/robot_bringup/share/robot_bringup/cmake/robot_bringupConfig.cmake
[0.583s] -- Up-to-date symlink: /home/hjokar/second_ros2_ws/install/robot_bringup/share/robot_bringup/cmake/robot_bringupConfig-version.cmake
[0.583s] -- Up-to-date symlink: /home/hjokar/second_ros2_ws/install/robot_bringup/share/robot_bringup/package.xml
[0.586s] Invoked command in '/home/hjokar/second_ros2_ws/build/robot_bringup' returned '0': CMAKE_PREFIX_PATH=${CMAKE_PREFIX_PATH}:/home/hjokar/second_ros2_ws/install/urdf_tutorial_r2d2:/home/hjokar/Desktop/ur5_ws/install/ur5_package:/opt/ros/humble /usr/bin/cmake --install /home/hjokar/second_ros2_ws/build/robot_bringup
